<?xml version="1.0" encoding="UTF-8"?>
<!-- Generated by org.testng.reporters.JUnitXMLReporter -->
<testsuite hostname="DESKTOP-9JMRBG5" ignored="0" name="Default test" tests="4" failures="0" timestamp="2020-02-15T22:35:39 IST" time="143.385" errors="0">
  <testcase name="First" time="20.163" classname="practice.c1"/>
  <testcase name="Second" time="7.889" classname="practice.c1"/>
  <testcase name="ahird" time="87.204" classname="practice.c1"/>
  <testcase name="Fourth" time="28.007" classname="practice.c1"/>
</testsuite> <!-- Default test -->
