<?xml version="1.0" encoding="UTF-8"?>
<!-- Generated by org.testng.reporters.JUnitXMLReporter -->
<testsuite hostname="DESKTOP-9JMRBG5" ignored="0" name="testtest" tests="1" failures="1" timestamp="2020-02-16T19:50:23 IST" time="0.443" errors="0">
  <testcase name="testcase1" time="0.0" classname="practice.excelexample">
    <failure type="org.testng.TestNGException" message="
Data Provider public org.apache.poi.ss.usermodel.Cell practice.excelexample.getdatafromprovider() throws java.lang.Exception must return either Object[][] or Object[] or Iterator&amp;lt;Object[]&amp;gt; or Iterator&amp;lt;Object&amp;gt;, not interface org.apache.poi.ss.usermodel.Cell">
      <![CDATA[org.testng.TestNGException: 
Data Provider public org.apache.poi.ss.usermodel.Cell practice.excelexample.getdatafromprovider() throws java.lang.Exception must return either Object[][] or Object[] or Iterator<Object[]> or Iterator<Object>, not interface org.apache.poi.ss.usermodel.Cell
at java.util.ArrayList.forEach(ArrayList.java:1257)
... Removed 24 stack frames]]>
    </failure>
  </testcase> <!-- testcase1 -->
</testsuite> <!-- testtest -->
